{"uuid":"00d65e0c-d805-49d9-9a2e-4e184db54376","historyId":"781736f533c3cc69df1bbe3b0d55062e","fullName":"tests.FirstTest.testLogin","labels":[{"name":"package","value":"tests.FirstTest"},{"name":"testClass","value":"tests.FirstTest"},{"name":"testMethod","value":"testLogin"},{"name":"parentSuite","value":"Default Suite"},{"name":"suite","value":"scripts"},{"name":"subSuite","value":"tests.FirstTest"},{"name":"host","value":"Natalkas-MacBook-Pro.local"},{"name":"thread","value":"73500@Natalkas-MacBook-Pro.local.main(1)"}],"links":[],"name":"testLogin","status":"broken","statusDetails":{"known":false,"muted":false,"flaky":false,"message":"Timed out after 30 seconds waiting for visibility of element located by By.xpath: //android.widget.Button[@resource-id='loginUsername']\nBuild info: version: '2.53.1', revision: 'a36b8b1cd5757287168e54b817830adce9b0158d', time: '2016-06-30 19:26:09'\nSystem info: host: 'Natalkas-MacBook-Pro.local', ip: '172.24.194.116', os.name: 'Mac OS X', os.arch: 'x86_64', os.version: '10.14.2', java.version: '1.8.0_192'\nDriver info: io.appium.java_client.android.AndroidDriver\nCapabilities [{appPackage=com.ucontrol.activity, statBarHeight=96, viewportRect={top=96, left=0, width=1440, height=2464}, deviceName=VS99041e1e539, platform=LINUX, deviceUDID=VS99041e1e539, desired={appPackage=com.ucontrol.activity, appActivity=com.webileapps.fragments.MainActivity, platformVersion=6.0.0, automationName=UiAutomator2, udid=VS99041e1e539, platformName=Android, deviceName=shell@pplus}, platformVersion=6.0, webStorageEnabled=false, automationName=UiAutomator2, takesScreenshot=true, javascriptEnabled=true, udid=VS99041e1e539, platformName=Android, deviceApiLevel=23, deviceManufacturer=LGE, deviceScreenSize=1440x2560, networkConnectionEnabled=true, warnings={}, databaseEnabled=false, appActivity=com.webileapps.fragments.MainActivity, pixelRatio=4, locationContextEnabled=false, deviceScreenDensity=640, deviceModel=VS990}]\nSession ID: b9940416-ce9d-4710-b641-6ef3de0552f6","trace":"org.openqa.selenium.TimeoutException: Timed out after 30 seconds waiting for visibility of element located by By.xpath: //android.widget.Button[@resource-id='loginUsername']\nBuild info: version: '2.53.1', revision: 'a36b8b1cd5757287168e54b817830adce9b0158d', time: '2016-06-30 19:26:09'\nSystem info: host: 'Natalkas-MacBook-Pro.local', ip: '172.24.194.116', os.name: 'Mac OS X', os.arch: 'x86_64', os.version: '10.14.2', java.version: '1.8.0_192'\nDriver info: io.appium.java_client.android.AndroidDriver\nCapabilities [{appPackage=com.ucontrol.activity, statBarHeight=96, viewportRect={top=96, left=0, width=1440, height=2464}, deviceName=VS99041e1e539, platform=LINUX, deviceUDID=VS99041e1e539, desired={appPackage=com.ucontrol.activity, appActivity=com.webileapps.fragments.MainActivity, platformVersion=6.0.0, automationName=UiAutomator2, udid=VS99041e1e539, platformName=Android, deviceName=shell@pplus}, platformVersion=6.0, webStorageEnabled=false, automationName=UiAutomator2, takesScreenshot=true, javascriptEnabled=true, udid=VS99041e1e539, platformName=Android, deviceApiLevel=23, deviceManufacturer=LGE, deviceScreenSize=1440x2560, networkConnectionEnabled=true, warnings={}, databaseEnabled=false, appActivity=com.webileapps.fragments.MainActivity, pixelRatio=4, locationContextEnabled=false, deviceScreenDensity=640, deviceModel=VS990}]\nSession ID: b9940416-ce9d-4710-b641-6ef3de0552f6\n\tat org.openqa.selenium.support.ui.WebDriverWait.timeoutException(WebDriverWait.java:80)\n\tat org.openqa.selenium.support.ui.FluentWait.until(FluentWait.java:261)\n\tat tests.FirstTest.testLogin(FirstTest.java:52)\n\tat sun.reflect.NativeMethodAccessorImpl.invoke0(Native Method)\n\tat sun.reflect.NativeMethodAccessorImpl.invoke(NativeMethodAccessorImpl.java:62)\n\tat sun.reflect.DelegatingMethodAccessorImpl.invoke(DelegatingMethodAccessorImpl.java:43)\n\tat java.lang.reflect.Method.invoke(Method.java:498)\n\tat org.testng.internal.MethodInvocationHelper.invokeMethod(MethodInvocationHelper.java:104)\n\tat org.testng.internal.Invoker.invokeMethod(Invoker.java:645)\n\tat org.testng.internal.Invoker.invokeTestMethod(Invoker.java:851)\n\tat org.testng.internal.Invoker.invokeTestMethods(Invoker.java:1177)\n\tat org.testng.internal.TestMethodWorker.invokeTestMethods(TestMethodWorker.java:129)\n\tat org.testng.internal.TestMethodWorker.run(TestMethodWorker.java:112)\n\tat org.testng.TestRunner.privateRun(TestRunner.java:756)\n\tat org.testng.TestRunner.run(TestRunner.java:610)\n\tat org.testng.SuiteRunner.runTest(SuiteRunner.java:387)\n\tat org.testng.SuiteRunner.runSequentially(SuiteRunner.java:382)\n\tat org.testng.SuiteRunner.privateRun(SuiteRunner.java:340)\n\tat org.testng.SuiteRunner.run(SuiteRunner.java:289)\n\tat org.testng.SuiteRunnerWorker.runSuite(SuiteRunnerWorker.java:52)\n\tat org.testng.SuiteRunnerWorker.run(SuiteRunnerWorker.java:86)\n\tat org.testng.TestNG.runSuitesSequentially(TestNG.java:1293)\n\tat org.testng.TestNG.runSuitesLocally(TestNG.java:1218)\n\tat org.testng.TestNG.runSuites(TestNG.java:1133)\n\tat org.testng.TestNG.run(TestNG.java:1104)\n\tat org.testng.IDEARemoteTestNG.run(IDEARemoteTestNG.java:73)\n\tat org.testng.RemoteTestNGStarter.main(RemoteTestNGStarter.java:123)\nCaused by: org.openqa.selenium.NoSuchElementException: An element could not be located on the page using the given search parameters. (WARNING: The server did not provide any stacktrace information)\nCommand duration or timeout: 50.95 seconds\nFor documentation on this error, please visit: http://seleniumhq.org/exceptions/no_such_element.html\nBuild info: version: '2.53.1', revision: 'a36b8b1cd5757287168e54b817830adce9b0158d', time: '2016-06-30 19:26:09'\nSystem info: host: 'Natalkas-MacBook-Pro.local', ip: '172.24.194.116', os.name: 'Mac OS X', os.arch: 'x86_64', os.version: '10.14.2', java.version: '1.8.0_192'\nDriver info: io.appium.java_client.android.AndroidDriver\nCapabilities [{appPackage=com.ucontrol.activity, statBarHeight=96, viewportRect={top=96, left=0, width=1440, height=2464}, deviceName=VS99041e1e539, platform=LINUX, deviceUDID=VS99041e1e539, desired={appPackage=com.ucontrol.activity, appActivity=com.webileapps.fragments.MainActivity, platformVersion=6.0.0, automationName=UiAutomator2, udid=VS99041e1e539, platformName=Android, deviceName=shell@pplus}, platformVersion=6.0, webStorageEnabled=false, automationName=UiAutomator2, takesScreenshot=true, javascriptEnabled=true, udid=VS99041e1e539, platformName=Android, deviceApiLevel=23, deviceManufacturer=LGE, deviceScreenSize=1440x2560, networkConnectionEnabled=true, warnings={}, databaseEnabled=false, appActivity=com.webileapps.fragments.MainActivity, pixelRatio=4, locationContextEnabled=false, deviceScreenDensity=640, deviceModel=VS990}]\nSession ID: b9940416-ce9d-4710-b641-6ef3de0552f6\n*** Element info: {Using=xpath, value=//android.widget.Button[@resource-id='loginUsername']}\n\tat sun.reflect.NativeConstructorAccessorImpl.newInstance0(Native Method)\n\tat sun.reflect.NativeConstructorAccessorImpl.newInstance(NativeConstructorAccessorImpl.java:62)\n\tat sun.reflect.DelegatingConstructorAccessorImpl.newInstance(DelegatingConstructorAccessorImpl.java:45)\n\tat java.lang.reflect.Constructor.newInstance(Constructor.java:423)\n\tat org.openqa.selenium.remote.ErrorHandler.createThrowable(ErrorHandler.java:206)\n\tat org.openqa.selenium.remote.ErrorHandler.throwIfResponseFailed(ErrorHandler.java:158)\n\tat org.openqa.selenium.remote.RemoteWebDriver.execute(RemoteWebDriver.java:678)\n\tat io.appium.java_client.DefaultGenericMobileDriver.execute(DefaultGenericMobileDriver.java:40)\n\tat io.appium.java_client.AppiumDriver.execute(AppiumDriver.java:1)\n\tat io.appium.java_client.android.AndroidDriver.execute(AndroidDriver.java:1)\n\tat org.openqa.selenium.remote.RemoteWebDriver.findElement(RemoteWebDriver.java:363)\n\tat io.appium.java_client.DefaultGenericMobileDriver.findElement(DefaultGenericMobileDriver.java:56)\n\tat io.appium.java_client.AppiumDriver.findElement(AppiumDriver.java:1)\n\tat io.appium.java_client.android.AndroidDriver.findElement(AndroidDriver.java:1)\n\tat org.openqa.selenium.remote.RemoteWebDriver.findElementByXPath(RemoteWebDriver.java:500)\n\tat io.appium.java_client.DefaultGenericMobileDriver.findElementByXPath(DefaultGenericMobileDriver.java:134)\n\tat io.appium.java_client.AppiumDriver.findElementByXPath(AppiumDriver.java:1)\n\tat io.appium.java_client.android.AndroidDriver.findElementByXPath(AndroidDriver.java:1)\n\tat org.openqa.selenium.By$ByXPath.findElement(By.java:361)\n\tat org.openqa.selenium.remote.RemoteWebDriver.findElement(RemoteWebDriver.java:355)\n\tat io.appium.java_client.DefaultGenericMobileDriver.findElement(DefaultGenericMobileDriver.java:52)\n\tat io.appium.java_client.AppiumDriver.findElement(AppiumDriver.java:1)\n\tat io.appium.java_client.android.AndroidDriver.findElement(AndroidDriver.java:1)\n\tat org.openqa.selenium.support.ui.ExpectedConditions.findElement(ExpectedConditions.java:899)\n\tat org.openqa.selenium.support.ui.ExpectedConditions.access$000(ExpectedConditions.java:41)\n\tat org.openqa.selenium.support.ui.ExpectedConditions$7.apply(ExpectedConditions.java:205)\n\tat org.openqa.selenium.support.ui.ExpectedConditions$7.apply(ExpectedConditions.java:201)\n\tat org.openqa.selenium.support.ui.FluentWait.until(FluentWait.java:238)\n\t... 25 more\n"},"stage":"finished","start":1547563164962,"stop":1547563275983,"parameters":[]}